<?xml version="1.0" encoding="UTF-8"?>
<!-- Generated by org.testng.reporters.JUnitReportReporter -->
<testsuite skipped="0" hostname="DESKTOP-NS89F91" name="tryTestNG.HelloWorld" tests="4" failures="0" timestamp="23 Mar 2021 00:35:45 GMT" time="0.016" errors="0">
  <testcase name="register" time="0.016" classname="tryTestNG.HelloWorld"/>
  <testcase name="login" time="0.000" classname="tryTestNG.HelloWorld"/>
  <testcase name="searchcustomer" time="0.000" classname="tryTestNG.HelloWorld"/>
  <testcase name="dropdown" time="0.000" classname="tryTestNG.HelloWorld"/>
</testsuite> <!-- tryTestNG.HelloWorld -->
